test_views (unittest.loader._FailedTest.test_views) ... ERROR

======================================================================
ERROR: test_views (unittest.loader._FailedTest.test_views)
----------------------------------------------------------------------
ImportError: Failed to import test module: test_views
Traceback (most recent call last):
  File "<python_lib_dir>/unittest/loader.py", line 137, in loadTestsFromName
    module = __import__(module_name)
ModuleNotFoundError: No module named 'editais.tests.test_views'


----------------------------------------------------------------------
Ran 1 test in 0.000s

FAILED (errors=1)
Found 1 test(s).
Skipping setup of unused database(s): default.
System check identified no issues (0 silenced).
